  [1m[35m (1825.3ms)[0m  [1m[35mCREATE DATABASE "Eventswipe_1_5_development" ENCODING = 'unicode'[0m
  ↳ bin/rails:9
  [1m[35m (717.3ms)[0m  [1m[35mCREATE DATABASE "Eventswipe_1_5_test" ENCODING = 'unicode'[0m
  ↳ bin/rails:9
  [1m[35m (517.8ms)[0m  [1m[35mDROP DATABASE IF EXISTS "Eventswipe_1_5_development"[0m
  ↳ bin/rails:9
  [1m[35m (382.8ms)[0m  [1m[35mDROP DATABASE IF EXISTS "Eventswipe_1_5_test"[0m
  ↳ bin/rails:9
  [1m[35m (1618.2ms)[0m  [1m[35mCREATE DATABASE "Eventswipe_1_5_development" ENCODING = 'unicode'[0m
  ↳ bin/rails:9
  [1m[35m (658.4ms)[0m  [1m[35mCREATE DATABASE "Eventswipe_1_5_test" ENCODING = 'unicode'[0m
  ↳ bin/rails:9
  [1m[35m (118.3ms)[0m  [1m[35mCREATE TABLE "schema_migrations" ("version" character varying NOT NULL PRIMARY KEY)[0m
  ↳ bin/rails:9
  [1m[35m (84.5ms)[0m  [1m[35mCREATE TABLE "ar_internal_metadata" ("key" character varying NOT NULL PRIMARY KEY, "value" character varying, "created_at" timestamp NOT NULL, "updated_at" timestamp NOT NULL)[0m
  ↳ bin/rails:9
  [1m[35m (0.6ms)[0m  [1m[34mSELECT pg_try_advisory_lock(6912251959366809510)[0m
  ↳ bin/rails:9
  [1m[35m (0.6ms)[0m  [1m[34mSELECT "schema_migrations"."version" FROM "schema_migrations" ORDER BY "schema_migrations"."version" ASC[0m
  ↳ bin/rails:9
Migrating to CreateUsers (20200820203923)
  [1m[35m (0.2ms)[0m  [1m[35mBEGIN[0m
  ↳ bin/rails:9
  [1m[35m (82.2ms)[0m  [1m[35mCREATE TABLE "users" ("id" bigserial primary key, "first_name" character varying NOT NULL, "last_name" character varying NOT NULL, "email" character varying NOT NULL, "password_digest" character varying NOT NULL, "session_token" character varying NOT NULL, "created_at" timestamp NOT NULL, "updated_at" timestamp NOT NULL)[0m
  ↳ db/migrate/20200820203923_create_users.rb:3
  [1m[35m (69.9ms)[0m  [1m[35mCREATE  INDEX  "index_users_on_email" ON "users"  ("email")[0m
  ↳ db/migrate/20200820203923_create_users.rb:13
  [1m[35m (42.1ms)[0m  [1m[35mCREATE  INDEX  "index_users_on_session_token" ON "users"  ("session_token")[0m
  ↳ db/migrate/20200820203923_create_users.rb:14
  [1m[36mActiveRecord::SchemaMigration Create (0.9ms)[0m  [1m[32mINSERT INTO "schema_migrations" ("version") VALUES ($1) RETURNING "version"[0m  [["version", "20200820203923"]]
  ↳ bin/rails:9
  [1m[35m (15.0ms)[0m  [1m[35mCOMMIT[0m
  ↳ bin/rails:9
  [1m[36mActiveRecord::InternalMetadata Load (0.5ms)[0m  [1m[34mSELECT  "ar_internal_metadata".* FROM "ar_internal_metadata" WHERE "ar_internal_metadata"."key" = $1 LIMIT $2[0m  [["key", "environment"], ["LIMIT", 1]]
  ↳ bin/rails:9
  [1m[35m (0.3ms)[0m  [1m[35mBEGIN[0m
  ↳ bin/rails:9
  [1m[36mActiveRecord::InternalMetadata Create (0.6ms)[0m  [1m[32mINSERT INTO "ar_internal_metadata" ("key", "value", "created_at", "updated_at") VALUES ($1, $2, $3, $4) RETURNING "key"[0m  [["key", "environment"], ["value", "development"], ["created_at", "2020-08-20 20:42:37.515610"], ["updated_at", "2020-08-20 20:42:37.515610"]]
  ↳ bin/rails:9
  [1m[35m (33.6ms)[0m  [1m[35mCOMMIT[0m
  ↳ bin/rails:9
  [1m[35m (0.4ms)[0m  [1m[34mSELECT pg_advisory_unlock(6912251959366809510)[0m
  ↳ bin/rails:9
  [1m[35m (0.3ms)[0m  [1m[34mSELECT "schema_migrations"."version" FROM "schema_migrations" ORDER BY "schema_migrations"."version" ASC[0m
  ↳ bin/rails:9
